<?xml version="1.0" encoding="UTF-8"?>
<!-- Generated by org.testng.reporters.JUnitXMLReporter -->
<testsuite ignored="0" hostname="AGC02ZJ1MULVDQ" failures="0" tests="7" name="Amazon Test" time="16.137" errors="0" timestamp="2023-05-17T11:49:43 EDT">
  <testcase classname="com.my.test.GoogleTest" name="googleTitleTest" time="1.358"/>
  <testcase classname="com.my.test.RediffTest" name="rediffTitleTest" time="1.823"/>
  <testcase classname="com.my.test.AmazonTestWithBeforeMethod" name="amazonTitleTest" time="3.207"/>
  <testcase classname="com.my.test.GoogleTest" name="googleURLTest" time="1.349"/>
  <testcase classname="com.my.test.RediffTest" name="rediffURLTest" time="2.011"/>
  <testcase classname="com.my.test.AmazonTestWithBeforeMethod" name="amazonURLTest" time="1.971"/>
  <testcase classname="com.my.test.AmazonTestWithBeforeMethod" name="mobilesLinkPresentTest" time="2.102"/>
</testsuite> <!-- Amazon Test -->
