<?xml version="1.0" encoding="UTF-8"?>
<!-- Generated by org.testng.reporters.JUnitXMLReporter -->
<testsuite ignored="0" hostname="AGC02ZJ1MULVDQ" failures="0" tests="5" name="Rediff Test" time="11.473" errors="0" timestamp="2023-05-15T12:23:59 EDT">
  <testcase classname="com.my.test.GoogleTest" name="googleTitleTest" time="0.016"/>
  <testcase classname="com.my.test.AmazonTestWithBeforeMethod" name="amazonTitleTest" time="0.012"/>
  <testcase classname="com.my.test.RediffTest" name="rediffTitleTest" time="0.009"/>
  <testcase classname="com.my.test.GoogleTest" name="googleURLTest" time="0.009"/>
  <testcase classname="com.my.test.RediffTest" name="rediffURLTest" time="0.005"/>
</testsuite> <!-- Rediff Test -->
