<?xml version="1.0" encoding="UTF-8"?>
<!-- Generated by org.testng.reporters.JUnitXMLReporter -->
<testsuite ignored="0" hostname="AGC02ZJ1MULVDQ" failures="0" tests="6" name="Rediff Test" time="10.201" errors="0" timestamp="2023-05-16T16:39:21 EDT">
  <testcase classname="com.my.test.GoogleTest" name="googleTitleTest" time="0.074"/>
  <testcase classname="com.my.test.RediffTest" name="rediffTitleTest" time="0.007"/>
  <testcase classname="com.my.test.AmazonTestWithBeforeMethod" name="amazonTitleTest" time="0.009"/>
  <testcase classname="com.my.test.GoogleTest" name="googleURLTest" time="0.01"/>
  <testcase classname="com.my.test.AmazonTestWithBeforeMethod" name="amazonURLTest" time="0.085"/>
  <testcase classname="com.my.test.RediffTest" name="rediffURLTest" time="0.008"/>
</testsuite> <!-- Rediff Test -->
