<?xml version="1.0" encoding="UTF-8"?>
<!-- Generated by org.testng.reporters.JUnitXMLReporter -->
<testsuite ignored="0" hostname="AGC02ZJ1MULVDQ" failures="0" tests="3" name="Test Basics 1" time="13.331" errors="0" timestamp="2023-05-15T12:16:11 EDT">
  <testcase classname="com.my.test.AmazonTestWithBeforeMethod" name="amazonTitleTest" time="0.019"/>
  <testcase classname="com.my.test.AmazonTestWithBeforeMethod" name="amazonURLTest" time="0.168"/>
  <testcase classname="com.my.test.AmazonTestWithBeforeMethod" name="mobilesLinkPresentTest" time="0.196"/>
</testsuite> <!-- Test Basics 1 -->
