<?xml version="1.0" encoding="UTF-8"?>
<testng-results ignored="0" total="8" passed="8" failed="0" skipped="0">
  <reporter-output>
  </reporter-output>
  <suite started-at="2023-12-02T00:08:30 EST" name="Default suite" finished-at="2023-12-02T00:08:38 EST" duration-ms="7300">
    <groups>
    </groups>
    <test started-at="2023-12-02T00:08:30 EST" name="Default test" finished-at="2023-12-02T00:08:38 EST" duration-ms="7300">
      <class name="teksystems.qa.tests.HomePageTest">
        <test-method is-config="true" signature="setUp()[pri:0, instance:teksystems.qa.tests.HomePageTest@6bf0219d]" started-at="2023-12-02T00:08:30 EST" name="setUp" finished-at="2023-12-02T00:08:36 EST" duration-ms="5704" status="PASS">
          <reporter-output>
          </reporter-output>
        </test-method> <!-- setUp -->
        <test-method signature="TeksystemsLogoDisplayedTest()[pri:0, instance:teksystems.qa.tests.HomePageTest@6bf0219d]" started-at="2023-12-02T00:08:36 EST" name="TeksystemsLogoDisplayedTest" finished-at="2023-12-02T00:08:36 EST" duration-ms="50" status="PASS">
          <reporter-output>
          </reporter-output>
        </test-method> <!-- TeksystemsLogoDisplayedTest -->
        <test-method signature="WhatWeDoLinkDisplayedTest()[pri:0, instance:teksystems.qa.tests.HomePageTest@6bf0219d]" started-at="2023-12-02T00:08:36 EST" name="WhatWeDoLinkDisplayedTest" finished-at="2023-12-02T00:08:36 EST" duration-ms="274" status="PASS">
          <reporter-output>
          </reporter-output>
        </test-method> <!-- WhatWeDoLinkDisplayedTest -->
        <test-method signature="contactUsLinkTest()[pri:0, instance:teksystems.qa.tests.HomePageTest@6bf0219d]" started-at="2023-12-02T00:08:36 EST" name="contactUsLinkTest" finished-at="2023-12-02T00:08:36 EST" duration-ms="190" status="PASS">
          <reporter-output>
          </reporter-output>
        </test-method> <!-- contactUsLinkTest -->
        <test-method signature="homePageTitleTest()[pri:0, instance:teksystems.qa.tests.HomePageTest@6bf0219d]" started-at="2023-12-02T00:08:37 EST" name="homePageTitleTest" finished-at="2023-12-02T00:08:37 EST" duration-ms="7" status="PASS">
          <reporter-output>
          </reporter-output>
        </test-method> <!-- homePageTitleTest -->
        <test-method signature="keepReadingLinkForArticleExistTest()[pri:0, instance:teksystems.qa.tests.HomePageTest@6bf0219d]" started-at="2023-12-02T00:08:37 EST" name="keepReadingLinkForArticleExistTest" finished-at="2023-12-02T00:08:37 EST" duration-ms="21" status="PASS">
          <reporter-output>
          </reporter-output>
        </test-method> <!-- keepReadingLinkForArticleExistTest -->
        <test-method signature="letsGoLinkForWhoWeAreTest()[pri:0, instance:teksystems.qa.tests.HomePageTest@6bf0219d]" started-at="2023-12-02T00:08:37 EST" name="letsGoLinkForWhoWeAreTest" finished-at="2023-12-02T00:08:37 EST" duration-ms="14" status="PASS">
          <reporter-output>
          </reporter-output>
        </test-method> <!-- letsGoLinkForWhoWeAreTest -->
        <test-method signature="locationIconDisplayedTest()[pri:0, instance:teksystems.qa.tests.HomePageTest@6bf0219d]" started-at="2023-12-02T00:08:37 EST" name="locationIconDisplayedTest" finished-at="2023-12-02T00:08:37 EST" duration-ms="16" status="PASS">
          <reporter-output>
          </reporter-output>
        </test-method> <!-- locationIconDisplayedTest -->
        <test-method signature="searchIconDisplayedTest()[pri:0, instance:teksystems.qa.tests.HomePageTest@6bf0219d]" started-at="2023-12-02T00:08:37 EST" name="searchIconDisplayedTest" finished-at="2023-12-02T00:08:37 EST" duration-ms="9" status="PASS">
          <reporter-output>
          </reporter-output>
        </test-method> <!-- searchIconDisplayedTest -->
        <test-method is-config="true" signature="tearDown()[pri:0, instance:teksystems.qa.tests.HomePageTest@6bf0219d]" started-at="2023-12-02T00:08:37 EST" name="tearDown" finished-at="2023-12-02T00:08:38 EST" duration-ms="948" status="PASS">
          <reporter-output>
          </reporter-output>
        </test-method> <!-- tearDown -->
      </class> <!-- teksystems.qa.tests.HomePageTest -->
    </test> <!-- Default test -->
  </suite> <!-- Default suite -->
</testng-results>
