<?xml version="1.0" encoding="UTF-8"?>
<testng-results ignored="0" total="3" passed="3" failed="0" skipped="0">
  <reporter-output>
  </reporter-output>
  <suite started-at="2023-05-01T09:59:20 EDT" name="Default suite" finished-at="2023-05-01T09:59:20 EDT" duration-ms="39">
    <groups>
    </groups>
    <test started-at="2023-05-01T09:59:20 EDT" name="Default test" finished-at="2023-05-01T09:59:20 EDT" duration-ms="39">
      <class name="TestNGSessions.TestNGBasics">
        <test-method is-config="true" signature="connectDB()[pri:0, instance:TestNGSessions.TestNGBasics@69fb6037]" started-at="2023-05-01T09:59:20 EDT" name="connectDB" finished-at="2023-05-01T09:59:20 EDT" duration-ms="9" status="PASS">
          <reporter-output>
          </reporter-output>
        </test-method> <!-- connectDB -->
        <test-method is-config="true" signature="createUserInDB()[pri:0, instance:TestNGSessions.TestNGBasics@69fb6037]" started-at="2023-05-01T09:59:20 EDT" name="createUserInDB" finished-at="2023-05-01T09:59:20 EDT" duration-ms="0" status="PASS">
          <reporter-output>
          </reporter-output>
        </test-method> <!-- createUserInDB -->
        <test-method is-config="true" signature="launchBrowser()[pri:0, instance:TestNGSessions.TestNGBasics@69fb6037]" started-at="2023-05-01T09:59:20 EDT" name="launchBrowser" finished-at="2023-05-01T09:59:20 EDT" duration-ms="0" status="PASS">
          <reporter-output>
          </reporter-output>
        </test-method> <!-- launchBrowser -->
        <test-method is-config="true" signature="loginToApp()[pri:0, instance:TestNGSessions.TestNGBasics@69fb6037]" started-at="2023-05-01T09:59:20 EDT" name="loginToApp" finished-at="2023-05-01T09:59:20 EDT" duration-ms="0" status="PASS">
          <reporter-output>
          </reporter-output>
        </test-method> <!-- loginToApp -->
        <test-method signature="checkUserIsActiveTest()[pri:0, instance:TestNGSessions.TestNGBasics@69fb6037]" started-at="2023-05-01T09:59:20 EDT" name="checkUserIsActiveTest" finished-at="2023-05-01T09:59:20 EDT" duration-ms="5" status="PASS">
          <reporter-output>
          </reporter-output>
        </test-method> <!-- checkUserIsActiveTest -->
        <test-method is-config="true" signature="logOut()[pri:0, instance:TestNGSessions.TestNGBasics@69fb6037]" started-at="2023-05-01T09:59:20 EDT" name="logOut" finished-at="2023-05-01T09:59:20 EDT" duration-ms="1" status="PASS">
          <reporter-output>
          </reporter-output>
        </test-method> <!-- logOut -->
        <test-method is-config="true" signature="loginToApp()[pri:0, instance:TestNGSessions.TestNGBasics@69fb6037]" started-at="2023-05-01T09:59:20 EDT" name="loginToApp" finished-at="2023-05-01T09:59:20 EDT" duration-ms="0" status="PASS">
          <reporter-output>
          </reporter-output>
        </test-method> <!-- loginToApp -->
        <test-method signature="checkUserProfileTest()[pri:0, instance:TestNGSessions.TestNGBasics@69fb6037]" started-at="2023-05-01T09:59:20 EDT" name="checkUserProfileTest" finished-at="2023-05-01T09:59:20 EDT" duration-ms="1" status="PASS">
          <reporter-output>
          </reporter-output>
        </test-method> <!-- checkUserProfileTest -->
        <test-method is-config="true" signature="logOut()[pri:0, instance:TestNGSessions.TestNGBasics@69fb6037]" started-at="2023-05-01T09:59:20 EDT" name="logOut" finished-at="2023-05-01T09:59:20 EDT" duration-ms="0" status="PASS">
          <reporter-output>
          </reporter-output>
        </test-method> <!-- logOut -->
        <test-method signature="getUserInfoTest()[pri:0, instance:TestNGSessions.TestNGBasics@69fb6037]" started-at="2023-05-01T09:59:20 EDT" name="getUserInfoTest" finished-at="2023-05-01T09:59:20 EDT" duration-ms="1" status="PASS">
          <reporter-output>
          </reporter-output>
        </test-method> <!-- getUserInfoTest -->
        <test-method is-config="true" signature="loginToApp()[pri:0, instance:TestNGSessions.TestNGBasics@69fb6037]" started-at="2023-05-01T09:59:20 EDT" name="loginToApp" finished-at="2023-05-01T09:59:20 EDT" duration-ms="0" status="PASS">
          <reporter-output>
          </reporter-output>
        </test-method> <!-- loginToApp -->
        <test-method is-config="true" signature="closeBrowser()[pri:0, instance:TestNGSessions.TestNGBasics@69fb6037]" started-at="2023-05-01T09:59:20 EDT" name="closeBrowser" finished-at="2023-05-01T09:59:20 EDT" duration-ms="1" status="PASS">
          <reporter-output>
          </reporter-output>
        </test-method> <!-- closeBrowser -->
        <test-method is-config="true" signature="logOut()[pri:0, instance:TestNGSessions.TestNGBasics@69fb6037]" started-at="2023-05-01T09:59:20 EDT" name="logOut" finished-at="2023-05-01T09:59:20 EDT" duration-ms="0" status="PASS">
          <reporter-output>
          </reporter-output>
        </test-method> <!-- logOut -->
        <test-method is-config="true" signature="deleteUserInDB()[pri:0, instance:TestNGSessions.TestNGBasics@69fb6037]" started-at="2023-05-01T09:59:20 EDT" name="deleteUserInDB" finished-at="2023-05-01T09:59:20 EDT" duration-ms="0" status="PASS">
          <reporter-output>
          </reporter-output>
        </test-method> <!-- deleteUserInDB -->
        <test-method is-config="true" signature="disconnectDB()[pri:0, instance:TestNGSessions.TestNGBasics@69fb6037]" started-at="2023-05-01T09:59:20 EDT" name="disconnectDB" finished-at="2023-05-01T09:59:20 EDT" duration-ms="0" status="PASS">
          <reporter-output>
          </reporter-output>
        </test-method> <!-- disconnectDB -->
      </class> <!-- TestNGSessions.TestNGBasics -->
    </test> <!-- Default test -->
  </suite> <!-- Default suite -->
</testng-results>
