<?xml version="1.0" encoding="UTF-8"?>
<testng-results ignored="0" total="3" passed="3" failed="0" skipped="0">
  <reporter-output>
  </reporter-output>
  <suite started-at="2023-05-17T11:49:26 EDT" name="Test automation regression suite" finished-at="2023-05-17T11:49:42 EDT" duration-ms="16137">
    <groups>
    </groups>
    <test started-at="2023-05-17T11:49:26 EDT" name="Amazon Test" finished-at="2023-05-17T11:49:42 EDT" duration-ms="16137">
      <class name="com.my.test.AmazonTestWithBeforeMethod">
        <test-method is-config="true" signature="setUp()[pri:0, instance:com.my.test.AmazonTestWithBeforeMethod@6bf0219d]" started-at="2023-05-17T11:49:26 EDT" name="setUp" finished-at="2023-05-17T11:49:30 EDT" duration-ms="4064" status="PASS">
          <reporter-output>
          </reporter-output>
        </test-method> <!-- setUp -->
        <test-method signature="amazonTitleTest()[pri:0, instance:com.my.test.AmazonTestWithBeforeMethod@6bf0219d]" started-at="2023-05-17T11:49:30 EDT" name="amazonTitleTest" finished-at="2023-05-17T11:49:34 EDT" duration-ms="3207" status="PASS">
          <reporter-output>
          </reporter-output>
        </test-method> <!-- amazonTitleTest -->
        <test-method is-config="true" signature="tearDown()[pri:0, instance:com.my.test.AmazonTestWithBeforeMethod@6bf0219d]" started-at="2023-05-17T11:49:34 EDT" name="tearDown" finished-at="2023-05-17T11:49:34 EDT" duration-ms="639" status="PASS">
          <reporter-output>
          </reporter-output>
        </test-method> <!-- tearDown -->
        <test-method is-config="true" signature="setUp()[pri:0, instance:com.my.test.AmazonTestWithBeforeMethod@6bf0219d]" started-at="2023-05-17T11:49:34 EDT" name="setUp" finished-at="2023-05-17T11:49:37 EDT" duration-ms="2308" status="PASS">
          <reporter-output>
          </reporter-output>
        </test-method> <!-- setUp -->
        <test-method signature="amazonURLTest()[pri:0, instance:com.my.test.AmazonTestWithBeforeMethod@6bf0219d]" started-at="2023-05-17T11:49:37 EDT" name="amazonURLTest" finished-at="2023-05-17T11:49:39 EDT" duration-ms="1971" status="PASS">
          <reporter-output>
          </reporter-output>
        </test-method> <!-- amazonURLTest -->
        <test-method is-config="true" signature="tearDown()[pri:0, instance:com.my.test.AmazonTestWithBeforeMethod@6bf0219d]" started-at="2023-05-17T11:49:39 EDT" name="tearDown" finished-at="2023-05-17T11:49:39 EDT" duration-ms="144" status="PASS">
          <reporter-output>
          </reporter-output>
        </test-method> <!-- tearDown -->
        <test-method is-config="true" signature="setUp()[pri:0, instance:com.my.test.AmazonTestWithBeforeMethod@6bf0219d]" started-at="2023-05-17T11:49:39 EDT" name="setUp" finished-at="2023-05-17T11:49:40 EDT" duration-ms="1474" status="PASS">
          <reporter-output>
          </reporter-output>
        </test-method> <!-- setUp -->
        <test-method signature="mobilesLinkPresentTest()[pri:0, instance:com.my.test.AmazonTestWithBeforeMethod@6bf0219d]" started-at="2023-05-17T11:49:40 EDT" name="mobilesLinkPresentTest" finished-at="2023-05-17T11:49:42 EDT" duration-ms="2102" status="PASS">
          <reporter-output>
          </reporter-output>
        </test-method> <!-- mobilesLinkPresentTest -->
        <test-method is-config="true" signature="tearDown()[pri:0, instance:com.my.test.AmazonTestWithBeforeMethod@6bf0219d]" started-at="2023-05-17T11:49:42 EDT" name="tearDown" finished-at="2023-05-17T11:49:42 EDT" duration-ms="186" status="PASS">
          <reporter-output>
          </reporter-output>
        </test-method> <!-- tearDown -->
      </class> <!-- com.my.test.AmazonTestWithBeforeMethod -->
    </test> <!-- Amazon Test -->
  </suite> <!-- Test automation regression suite -->
</testng-results>
