<?xml version="1.0" encoding="UTF-8"?>
<!-- Generated by org.testng.reporters.JUnitXMLReporter -->
<testsuite ignored="0" hostname="AGC02ZJ1MULVDQ" failures="0" tests="8" name="Default test" time="7.3" errors="0" timestamp="2023-12-02T00:08:38 EST">
  <testcase classname="teksystems.qa.tests.HomePageTest" name="TeksystemsLogoDisplayedTest" time="0.05"/>
  <testcase classname="teksystems.qa.tests.HomePageTest" name="WhatWeDoLinkDisplayedTest" time="0.274"/>
  <testcase classname="teksystems.qa.tests.HomePageTest" name="contactUsLinkTest" time="0.19"/>
  <testcase classname="teksystems.qa.tests.HomePageTest" name="homePageTitleTest" time="0.007"/>
  <testcase classname="teksystems.qa.tests.HomePageTest" name="keepReadingLinkForArticleExistTest" time="0.021"/>
  <testcase classname="teksystems.qa.tests.HomePageTest" name="letsGoLinkForWhoWeAreTest" time="0.014"/>
  <testcase classname="teksystems.qa.tests.HomePageTest" name="locationIconDisplayedTest" time="0.016"/>
  <testcase classname="teksystems.qa.tests.HomePageTest" name="searchIconDisplayedTest" time="0.009"/>
</testsuite> <!-- Default test -->
