<?xml version="1.0" encoding="UTF-8"?>
<!-- Generated by org.testng.reporters.JUnitXMLReporter -->
<testsuite ignored="0" hostname="AGC02ZJ1MULVDQ" failures="0" tests="3" name="Default test" time="0.039" errors="0" timestamp="2023-05-01T09:59:20 EDT">
  <testcase classname="TestNGSessions.TestNGBasics" name="checkUserIsActiveTest" time="0.005"/>
  <testcase classname="TestNGSessions.TestNGBasics" name="checkUserProfileTest" time="0.001"/>
  <testcase classname="TestNGSessions.TestNGBasics" name="getUserInfoTest" time="0.001"/>
</testsuite> <!-- Default test -->
