<?xml version="1.0" encoding="UTF-8"?>
<!-- Generated by org.testng.reporters.JUnitXMLReporter -->
<testsuite ignored="0" hostname="AGC02ZJ1MULVDQ" failures="0" tests="3" name="Default test" time="3.788" errors="0" timestamp="2023-05-08T17:26:52 EDT">
  <testcase classname="com.my.test.AmazonTest" name="amazonTitleTest" time="0.01"/>
  <testcase classname="com.my.test.AmazonTest" name="amazonURLTest" time="0.008"/>
  <testcase classname="com.my.test.AmazonTest" name="mobilesLinkPresentTest" time="0.112"/>
</testsuite> <!-- Default test -->
